14:53:18.899 [main                     ] DEBUG Logger               - Configured Logger
14:53:18.921 [main                     ] DEBUG GameApplication      - Logging settings
Title: 拼图画板——jigsaw puzzle
Version: 0.1.0
Width: 500
Height: 500
Fullscreen: false
Intro: false
Profiling: false
Single step:false
App Mode: DEVELOPER
Menu Key: ESCAPE
Stage Style: DECORATED
Scene Factory: class com.almasb.fxgl.app.scene.SceneFactory

14:53:19.201 [JavaFX Application Thread] DEBUG FXGLApplication      - Initializing FXGL
14:53:19.205 [JavaFX Application Thread] INFO  Engine               - FXGL-17.3 (30.03.2023 11.49) on WINDOWS (J:17.0.4 FX:20)
14:53:19.205 [JavaFX Application Thread] DEBUG Engine               - JRE Vendor Name: Oracle Corporation
14:53:19.205 [JavaFX Application Thread] DEBUG Engine               - Running on OS: Windows 11 version 10.0
14:53:19.205 [JavaFX Application Thread] DEBUG Engine               - Architecture: amd64
14:53:19.205 [JavaFX Application Thread] INFO  Engine               - Source code and latest versions at: https://github.com/AlmasB/FXGL
14:53:19.206 [JavaFX Application Thread] INFO  Engine               -       Ask questions and discuss at: https://github.com/AlmasB/FXGL/discussions
14:53:19.206 [JavaFX Application Thread] INFO  Engine               -              Join the FXGL chat at: https://gitter.im/AlmasB/FXGL
14:53:19.278 [JavaFX Application Thread] DEBUG PrimaryStageWindow   - Creating a JavaFX scene
14:53:19.315 [JavaFX Application Thread] DEBUG PrimaryStageWindow   - Target settings size: 500.0 x 500.0
14:53:19.315 [JavaFX Application Thread] DEBUG PrimaryStageWindow   - Scaled scene size:    500.0 x 500.0
14:53:19.315 [JavaFX Application Thread] DEBUG PrimaryStageWindow   - Scaled ratio: (1.0, 1.0)
14:53:19.316 [JavaFX Application Thread] DEBUG PrimaryStageWindow   - Set initial scene to FXGLStartupScene
14:53:19.319 [JavaFX Application Thread] DEBUG PrimaryStageWindow   - Opening main window
14:53:19.511 [JavaFX Application Thread] DEBUG PrimaryStageWindow   - Window border size: (14.66668701171875, 37.33331298828125)
14:53:19.511 [JavaFX Application Thread] DEBUG PrimaryStageWindow   - Scaled size: 500.0 x 500.0
14:53:19.511 [JavaFX Application Thread] DEBUG PrimaryStageWindow   - Scaled ratio: (1.0, 1.0)
14:53:19.511 [JavaFX Application Thread] DEBUG PrimaryStageWindow   - Scene size: 500.0 x 500.0
14:53:19.511 [JavaFX Application Thread] DEBUG PrimaryStageWindow   - Stage size: 514.6666870117188 x 537.3333129882812
14:53:19.517 [FXGL Background Thread 1 ] DEBUG Engine               - Initializing environment variables
14:53:19.544 [FXGL Background Thread 1 ] DEBUG FXGLAssetLoaderServi - User app class for loading assets: class org.i7606.jigsaw_puzzle.window.play.PlayWindow
14:53:19.544 [FXGL Background Thread 1 ] DEBUG GameApplicationServi - Applying CSS: fxgl_dark.css
14:53:19.545 [FXGL Background Thread 1 ] DEBUG FXGLAssetLoaderServi - Loading from file system: jar:file:/D:/data/MAVEN/repo/com/github/almasb/fxgl/17.3/fxgl-17.3.jar!/fxglassets/ui/css/fxgl_dark.css
14:53:19.576 [FXGL Background Thread 1 ] DEBUG GameApplicationServi - Initializing application scenes
14:53:19.624 [FXGL Background Thread 1 ] DEBUG GameWorld            - Game world initialized
14:53:19.659 [FXGL Background Thread 1 ] DEBUG PhysicsWorld         - Physics world initialized: appHeight=500, physics.ppm=50.0
14:53:19.659 [FXGL Background Thread 1 ] DEBUG PhysicsWorld         - Using strategy: BRUTE_FORCE
14:53:19.663 [FXGL Background Thread 1 ] DEBUG GameScene            - Game scene initialized: 500x500
14:53:19.674 [FXGL Background Thread 1 ] WARN  FXGL.DefaultMenu     - FXGLDefaultMenu is not designed for resolutions < 800x600
14:53:19.674 [FXGL Background Thread 1 ] DEBUG FXGL.DefaultMenu     - createMenuBodyGameMenu()
14:53:19.685 [FXGL Background Thread 1 ] DEBUG FXGL.DefaultMenu     - createOptionsMenu()
14:53:19.692 [FXGL Background Thread 1 ] DEBUG FXGLAssetLoaderServi - Loading from file system: jar:file:/D:/data/MAVEN/repo/com/github/almasb/fxgl/17.3/fxgl-17.3.jar!/fxglassets/textures/particles/smoke.png
14:53:19.785 [FXGL Background Thread 1 ] DEBUG FXGLAssetLoaderServi - Loading from file system: jar:file:/D:/data/MAVEN/repo/com/github/almasb/fxgl/17.3/fxgl-17.3.jar!/fxglassets/textures/particles/trace_horizontal.png
14:53:19.808 [FXGL Background Thread 1 ] DEBUG GameApplicationServi - Application scenes initialized
14:53:19.823 [FXGL Background Thread 1 ] DEBUG SystemBundleService  - Loading FXGL system data
14:53:19.829 [FXGL Background Thread 1 ] DEBUG FileSystemAccess     - Reading from: E:\data\GITEE\jigsaw_puzzle\jigsaw_puzzle\system\fxgl.bundle
14:53:19.835 [FXGL Background Thread 1 ] DEBUG SystemBundleService  - Bundle FXGL: {}
14:53:19.835 [FXGL Background Thread 1 ] DEBUG UpdaterService       - Checking for updates
14:53:19.839 [FXGL Background Thread 4 ] DEBUG FXGLApplication      - Loading fonts
14:53:19.840 [FXGL Background Thread 4 ] DEBUG FXGLAssetLoaderServi - Loading from file system: jar:file:/D:/data/MAVEN/repo/com/github/almasb/fxgl/17.3/fxgl-17.3.jar!/fxglassets/ui/fonts/VarelaRound-Regular.ttf
14:53:19.840 [FXGL Background Thread 1 ] DEBUG FXGLApplication      - Loading default localization
14:53:19.841 [FXGL Background Thread 1 ] DEBUG FXGLAssetLoaderServi - Loading from file system: jar:file:/D:/data/MAVEN/repo/com/github/almasb/fxgl/17.3/fxgl-17.3.jar!/fxglassets/languages/english.lang
14:53:19.863 [FXGL Background Thread 1 ] INFO  FXGLApplication      - FXGL initialization took: 0.346 sec
14:53:19.864 [JavaFX Application Thread] DEBUG FXGLAssetLoaderServi - Loading from file system: jar:file:/D:/data/MAVEN/repo/com/github/almasb/fxgl/17.3/fxgl-17.3.jar!/fxglassets/textures/fxgl_icon.png
14:53:19.882 [JavaFX Application Thread] DEBUG FXGLAssetLoaderServi - Loading from file system: jar:file:/D:/data/MAVEN/repo/com/github/almasb/fxgl/17.3/fxgl-17.3.jar!/fxglassets/textures/fxgl_default_cursor.png
14:53:19.903 [JavaFX Application Thread] DEBUG Input                - Registered new binding: Screenshot - CTRL+8
14:53:19.904 [JavaFX Application Thread] DEBUG Input                - Registered new binding: System info dump - CTRL+9
14:53:19.905 [JavaFX Application Thread] DEBUG Input                - Registered new binding: Restart - CTRL+R
14:53:19.907 [JavaFX Application Thread] DEBUG Input                - Registered new binding: Toggle Debug Camera - CTRL+7
14:53:19.907 [FXGL Background Thread 4 ] DEBUG FXGLAssetLoaderServi - Loading from file system: jar:file:/D:/data/MAVEN/repo/com/github/almasb/fxgl/17.3/fxgl-17.3.jar!/fxglassets/ui/fonts/Abel-Regular.ttf
14:53:19.909 [FXGL Background Thread 4 ] DEBUG FXGLAssetLoaderServi - Loading from file system: jar:file:/D:/data/MAVEN/repo/com/github/almasb/fxgl/17.3/fxgl-17.3.jar!/fxglassets/ui/fonts/TerminalLandMono-Regular.otf
14:53:19.911 [FXGL Background Thread 4 ] DEBUG FXGLAssetLoaderServi - Loading from file system: jar:file:/D:/data/MAVEN/repo/com/github/almasb/fxgl/17.3/fxgl-17.3.jar!/fxglassets/ui/fonts/Courier-Prime.ttf
14:53:19.915 [JavaFX Application Thread] DEBUG LoopRunner           - Starting loop
14:53:19.915 [JavaFX Application Thread] DEBUG LoopRunner           - Initializing JavaFX AnimationTimerLoop
14:53:19.918 [JavaFX Application Thread] DEBUG GameApplicationServi - Starting new game
14:53:19.919 [JavaFX Application Thread] DEBUG Input                - Clearing active input actions
14:53:19.929 [JavaFX Application Thread] DEBUG GameApplicationServi - Removing overlay from FXGLStartupScene and adding to FXGLLoadingScene
14:53:19.930 [JavaFX Application Thread] DEBUG PrimaryStageWindow   - FXGLStartupScene -> FXGLLoadingScene
14:53:19.930 [JavaFX Application Thread] DEBUG GameApplicationServi - Clearing previous game
14:53:19.930 [JavaFX Application Thread] DEBUG GameScene            - Clearing game scene
14:53:19.930 [JavaFX Application Thread] DEBUG GameWorld            - Clearing game world
14:53:19.930 [JavaFX Application Thread] DEBUG PhysicsWorld         - Clearing physics world
14:53:19.933 [JavaFX Application Thread] DEBUG FXGLApplication      - Registering font factories with UI factory
14:53:19.973 [FXGL Background Thread 4 ] INFO  FXGLApplication      - Game initialization took: 0.040 sec
14:53:19.997 [JavaFX Application Thread] DEBUG Input                - Clearing active input actions
14:53:20.002 [JavaFX Application Thread] DEBUG GameApplicationServi - Removing overlay from FXGLLoadingScene and adding to GameScene
14:53:20.003 [JavaFX Application Thread] DEBUG PrimaryStageWindow   - FXGLLoadingScene -> GameScene
14:53:20.046 [FXGL Background Thread 2 ] WARN  UpdaterService       - Failed to find updates: java.net.UnknownHostException: raw.githubusercontent.com
14:53:22.463 [JavaFX Application Thread] DEBUG FXGLApplication      - Exiting FXGL
14:53:22.463 [JavaFX Application Thread] DEBUG LoopRunner           - Stopping loop
14:53:22.463 [JavaFX Application Thread] DEBUG SystemBundleService  - Saving FXGL system data
14:53:22.467 [JavaFX Application Thread] DEBUG FileSystemAccess     - Writing to: E:\data\GITEE\jigsaw_puzzle\jigsaw_puzzle\system\fxgl.bundle
14:53:22.468 [JavaFX Application Thread] DEBUG Async                - Shutting down background threads
14:53:22.468 [JavaFX Application Thread] DEBUG PrimaryStageWindow   - Closing main window
14:53:22.487 [JavaFX Application Thread] DEBUG Logger               - Closing Logger
