15:31:54.754 [main                     ] DEBUG Logger               - Configured Logger
15:31:54.774 [main                     ] DEBUG GameApplication      - Logging settings
Title: 拼图画板——jigsaw puzzle
Version: 0.1.0
Width: 500
Height: 500
Fullscreen: false
Intro: false
Profiling: false
Single step:false
App Mode: DEVELOPER
Menu Key: ESCAPE
Stage Style: DECORATED
Scene Factory: class com.almasb.fxgl.app.scene.SceneFactory

15:31:55.048 [JavaFX Application Thread] DEBUG FXGLApplication      - Initializing FXGL
15:31:55.052 [JavaFX Application Thread] INFO  Engine               - FXGL-17.3 (30.03.2023 11.49) on WINDOWS (J:17.0.4 FX:20)
15:31:55.052 [JavaFX Application Thread] DEBUG Engine               - JRE Vendor Name: Oracle Corporation
15:31:55.052 [JavaFX Application Thread] DEBUG Engine               - Running on OS: Windows 11 version 10.0
15:31:55.052 [JavaFX Application Thread] DEBUG Engine               - Architecture: amd64
15:31:55.052 [JavaFX Application Thread] INFO  Engine               - Source code and latest versions at: https://github.com/AlmasB/FXGL
15:31:55.052 [JavaFX Application Thread] INFO  Engine               -       Ask questions and discuss at: https://github.com/AlmasB/FXGL/discussions
15:31:55.052 [JavaFX Application Thread] INFO  Engine               -              Join the FXGL chat at: https://gitter.im/AlmasB/FXGL
15:31:55.126 [JavaFX Application Thread] DEBUG PrimaryStageWindow   - Creating a JavaFX scene
15:31:55.162 [JavaFX Application Thread] DEBUG PrimaryStageWindow   - Target settings size: 500.0 x 500.0
15:31:55.163 [JavaFX Application Thread] DEBUG PrimaryStageWindow   - Scaled scene size:    500.0 x 500.0
15:31:55.163 [JavaFX Application Thread] DEBUG PrimaryStageWindow   - Scaled ratio: (1.0, 1.0)
15:31:55.163 [JavaFX Application Thread] DEBUG PrimaryStageWindow   - Set initial scene to FXGLStartupScene
15:31:55.166 [JavaFX Application Thread] DEBUG PrimaryStageWindow   - Opening main window
15:31:55.357 [JavaFX Application Thread] DEBUG PrimaryStageWindow   - Window border size: (14.66668701171875, 37.33331298828125)
15:31:55.357 [JavaFX Application Thread] DEBUG PrimaryStageWindow   - Scaled size: 500.0 x 500.0
15:31:55.357 [JavaFX Application Thread] DEBUG PrimaryStageWindow   - Scaled ratio: (1.0, 1.0)
15:31:55.357 [JavaFX Application Thread] DEBUG PrimaryStageWindow   - Scene size: 500.0 x 500.0
15:31:55.357 [JavaFX Application Thread] DEBUG PrimaryStageWindow   - Stage size: 514.6666870117188 x 537.3333129882812
15:31:55.363 [FXGL Background Thread 1 ] DEBUG Engine               - Initializing environment variables
15:31:55.392 [FXGL Background Thread 1 ] DEBUG FXGLAssetLoaderServi - User app class for loading assets: class org.i7606.jigsaw_puzzle.window.play.PlayWindow
15:31:55.392 [FXGL Background Thread 1 ] DEBUG GameApplicationServi - Applying CSS: fxgl_dark.css
15:31:55.393 [FXGL Background Thread 1 ] DEBUG FXGLAssetLoaderServi - Loading from file system: jar:file:/D:/data/MAVEN/repo/com/github/almasb/fxgl/17.3/fxgl-17.3.jar!/fxglassets/ui/css/fxgl_dark.css
15:31:55.427 [FXGL Background Thread 1 ] DEBUG GameApplicationServi - Initializing application scenes
15:31:55.476 [FXGL Background Thread 1 ] DEBUG GameWorld            - Game world initialized
15:31:55.514 [FXGL Background Thread 1 ] DEBUG PhysicsWorld         - Physics world initialized: appHeight=500, physics.ppm=50.0
15:31:55.514 [FXGL Background Thread 1 ] DEBUG PhysicsWorld         - Using strategy: BRUTE_FORCE
15:31:55.518 [FXGL Background Thread 1 ] DEBUG GameScene            - Game scene initialized: 500x500
15:31:55.527 [FXGL Background Thread 1 ] WARN  FXGL.DefaultMenu     - FXGLDefaultMenu is not designed for resolutions < 800x600
15:31:55.527 [FXGL Background Thread 1 ] DEBUG FXGL.DefaultMenu     - createMenuBodyGameMenu()
15:31:55.540 [FXGL Background Thread 1 ] DEBUG FXGL.DefaultMenu     - createOptionsMenu()
15:31:55.548 [FXGL Background Thread 1 ] DEBUG FXGLAssetLoaderServi - Loading from file system: jar:file:/D:/data/MAVEN/repo/com/github/almasb/fxgl/17.3/fxgl-17.3.jar!/fxglassets/textures/particles/smoke.png
15:31:55.626 [FXGL Background Thread 1 ] DEBUG FXGLAssetLoaderServi - Loading from file system: jar:file:/D:/data/MAVEN/repo/com/github/almasb/fxgl/17.3/fxgl-17.3.jar!/fxglassets/textures/particles/trace_horizontal.png
15:31:55.647 [FXGL Background Thread 1 ] DEBUG GameApplicationServi - Application scenes initialized
15:31:55.661 [FXGL Background Thread 1 ] DEBUG SystemBundleService  - Loading FXGL system data
15:31:55.668 [FXGL Background Thread 1 ] DEBUG FileSystemAccess     - Reading from: E:\data\GITEE\jigsaw_puzzle\jigsaw_puzzle\system\fxgl.bundle
15:31:55.674 [FXGL Background Thread 1 ] DEBUG SystemBundleService  - Bundle FXGL: {}
15:31:55.674 [FXGL Background Thread 1 ] DEBUG UpdaterService       - Checking for updates
15:31:55.678 [FXGL Background Thread 4 ] DEBUG FXGLApplication      - Loading fonts
15:31:55.678 [FXGL Background Thread 4 ] DEBUG FXGLAssetLoaderServi - Loading from file system: jar:file:/D:/data/MAVEN/repo/com/github/almasb/fxgl/17.3/fxgl-17.3.jar!/fxglassets/ui/fonts/VarelaRound-Regular.ttf
15:31:55.680 [FXGL Background Thread 1 ] DEBUG FXGLApplication      - Loading default localization
15:31:55.681 [FXGL Background Thread 1 ] DEBUG FXGLAssetLoaderServi - Loading from file system: jar:file:/D:/data/MAVEN/repo/com/github/almasb/fxgl/17.3/fxgl-17.3.jar!/fxglassets/languages/english.lang
15:31:55.700 [FXGL Background Thread 1 ] INFO  FXGLApplication      - FXGL initialization took: 0.338 sec
15:31:55.701 [JavaFX Application Thread] DEBUG FXGLAssetLoaderServi - Loading from file system: jar:file:/D:/data/MAVEN/repo/com/github/almasb/fxgl/17.3/fxgl-17.3.jar!/fxglassets/textures/fxgl_icon.png
15:31:55.720 [JavaFX Application Thread] DEBUG FXGLAssetLoaderServi - Loading from file system: jar:file:/D:/data/MAVEN/repo/com/github/almasb/fxgl/17.3/fxgl-17.3.jar!/fxglassets/textures/fxgl_default_cursor.png
15:31:55.744 [JavaFX Application Thread] DEBUG Input                - Registered new binding: Screenshot - CTRL+8
15:31:55.746 [JavaFX Application Thread] DEBUG Input                - Registered new binding: System info dump - CTRL+9
15:31:55.747 [JavaFX Application Thread] DEBUG Input                - Registered new binding: Restart - CTRL+R
15:31:55.749 [FXGL Background Thread 4 ] DEBUG FXGLAssetLoaderServi - Loading from file system: jar:file:/D:/data/MAVEN/repo/com/github/almasb/fxgl/17.3/fxgl-17.3.jar!/fxglassets/ui/fonts/Abel-Regular.ttf
15:31:55.749 [JavaFX Application Thread] DEBUG Input                - Registered new binding: Toggle Debug Camera - CTRL+7
15:31:55.750 [FXGL Background Thread 4 ] DEBUG FXGLAssetLoaderServi - Loading from file system: jar:file:/D:/data/MAVEN/repo/com/github/almasb/fxgl/17.3/fxgl-17.3.jar!/fxglassets/ui/fonts/TerminalLandMono-Regular.otf
15:31:55.752 [FXGL Background Thread 4 ] DEBUG FXGLAssetLoaderServi - Loading from file system: jar:file:/D:/data/MAVEN/repo/com/github/almasb/fxgl/17.3/fxgl-17.3.jar!/fxglassets/ui/fonts/Courier-Prime.ttf
15:31:55.756 [JavaFX Application Thread] DEBUG LoopRunner           - Starting loop
15:31:55.757 [JavaFX Application Thread] DEBUG LoopRunner           - Initializing JavaFX AnimationTimerLoop
15:31:55.760 [JavaFX Application Thread] DEBUG GameApplicationServi - Starting new game
15:31:55.761 [JavaFX Application Thread] DEBUG Input                - Clearing active input actions
15:31:55.771 [JavaFX Application Thread] DEBUG GameApplicationServi - Removing overlay from FXGLStartupScene and adding to FXGLLoadingScene
15:31:55.772 [JavaFX Application Thread] DEBUG PrimaryStageWindow   - FXGLStartupScene -> FXGLLoadingScene
15:31:55.772 [JavaFX Application Thread] DEBUG GameApplicationServi - Clearing previous game
15:31:55.772 [JavaFX Application Thread] DEBUG GameScene            - Clearing game scene
15:31:55.772 [JavaFX Application Thread] DEBUG GameWorld            - Clearing game world
15:31:55.772 [JavaFX Application Thread] DEBUG PhysicsWorld         - Clearing physics world
15:31:55.775 [JavaFX Application Thread] DEBUG FXGLApplication      - Registering font factories with UI factory
15:31:55.775 [FXGL Background Thread 4 ] DEBUG FXGLApplication      - Initializing game
15:31:55.898 [FXGL Background Thread 2 ] WARN  UpdaterService       - Failed to find updates: java.net.UnknownHostException: raw.githubusercontent.com
15:31:55.970 [FXGL Background Thread 4 ] WARN  FXGLAssetLoaderServi - Asset "/assets/textures/assets/textures/level-001/split/split/g1.gif" was not found!
15:31:55.971 [FXGL Background Thread 4 ] WARN  FXGLAssetLoaderServi - Failed to load RESIZABLE_IMAGE
15:31:55.978 [FXGL Background Thread 4 ] WARN  FXGLAssetLoaderServi - Asset "/assets/textures/assets/textures/level-001/split/split/g2.gif" was not found!
15:31:55.978 [FXGL Background Thread 4 ] WARN  FXGLAssetLoaderServi - Failed to load RESIZABLE_IMAGE
15:31:55.978 [FXGL Background Thread 4 ] WARN  FXGLAssetLoaderServi - Asset "/assets/textures/assets/textures/level-001/split/split/g3.gif" was not found!
15:31:55.978 [FXGL Background Thread 4 ] WARN  FXGLAssetLoaderServi - Failed to load RESIZABLE_IMAGE
15:31:55.978 [FXGL Background Thread 4 ] WARN  FXGLAssetLoaderServi - Asset "/assets/textures/assets/textures/level-001/split/split/g4.gif" was not found!
15:31:55.979 [FXGL Background Thread 4 ] WARN  FXGLAssetLoaderServi - Failed to load RESIZABLE_IMAGE
15:31:55.979 [FXGL Background Thread 4 ] WARN  FXGLAssetLoaderServi - Asset "/assets/textures/assets/textures/level-001/split/split/g5.gif" was not found!
15:31:55.979 [FXGL Background Thread 4 ] WARN  FXGLAssetLoaderServi - Failed to load RESIZABLE_IMAGE
15:31:55.980 [FXGL Background Thread 4 ] WARN  FXGLAssetLoaderServi - Asset "/assets/textures/assets/textures/level-001/split/split/g6.gif" was not found!
15:31:55.980 [FXGL Background Thread 4 ] WARN  FXGLAssetLoaderServi - Failed to load RESIZABLE_IMAGE
15:31:55.980 [FXGL Background Thread 4 ] WARN  FXGLAssetLoaderServi - Asset "/assets/textures/assets/textures/level-001/split/split/g7.gif" was not found!
15:31:55.980 [FXGL Background Thread 4 ] WARN  FXGLAssetLoaderServi - Failed to load RESIZABLE_IMAGE
15:31:55.980 [FXGL Background Thread 4 ] WARN  FXGLAssetLoaderServi - Asset "/assets/textures/assets/textures/level-001/split/split/g8.gif" was not found!
15:31:55.980 [FXGL Background Thread 4 ] WARN  FXGLAssetLoaderServi - Failed to load RESIZABLE_IMAGE
15:31:55.980 [FXGL Background Thread 4 ] WARN  FXGLAssetLoaderServi - Asset "/assets/textures/assets/textures/level-001/split/split/g9.gif" was not found!
15:31:55.981 [FXGL Background Thread 4 ] WARN  FXGLAssetLoaderServi - Failed to load RESIZABLE_IMAGE
15:31:55.987 [JavaFX Application Thread] DEBUG LoopRunner           - Stopping loop
15:31:55.990 [JavaFX Application Thread] FATAL FXGLApplication      - Uncaught Exception:
java.lang.RuntimeException: Initialization failed
	at com.almasb.fxgl.app.FXGLApplication$InitAppTask.failed(FXGLApplication.kt:343)
	at javafx.concurrent.Task.setState(Task.java:710)
	at javafx.concurrent.Task$TaskCallable.lambda$call$2(Task.java:1456)
	at com.sun.javafx.application.PlatformImpl.lambda$runLater$10(PlatformImpl.java:456)
	at java.base/java.security.AccessController.doPrivileged(AccessController.java:399)
	at com.sun.javafx.application.PlatformImpl.lambda$runLater$11(PlatformImpl.java:455)
	at com.sun.glass.ui.InvokeLaterDispatcher$Future.run$$$capture(InvokeLaterDispatcher.java:95)
	at com.sun.glass.ui.InvokeLaterDispatcher$Future.run(InvokeLaterDispatcher.java)
	at com.sun.glass.ui.win.WinApplication._runLoop(Native Method)
	at com.sun.glass.ui.win.WinApplication.lambda$runLoop$3(WinApplication.java:185)
	at java.base/java.lang.Thread.run(Thread.java:833)
Caused by: java.lang.NullPointerException: Cannot invoke "com.almasb.fxgl.texture.Texture.setTranslateX(double)" because "texture" is null
	at org.i7606.jigsaw_puzzle.window.play.level.LevelBuild.setLayout(LevelFactory2.java:62)
	at org.i7606.jigsaw_puzzle.window.play.level.LevelBuild.loadResource(LevelFactory2.java:41)
	at org.i7606.jigsaw_puzzle.window.play.level.LevelBuild.<init>(LevelFactory2.java:29)
	at org.i7606.jigsaw_puzzle.window.play.PlayWindow.initGame(PlayWindow.java:41)
	at com.almasb.fxgl.app.FXGLApplication$InitAppTask.initGame(FXGLApplication.kt:339)
	at com.almasb.fxgl.app.FXGLApplication$InitAppTask.call(FXGLApplication.kt:319)
	at com.almasb.fxgl.app.FXGLApplication$InitAppTask.call(FXGLApplication.kt:311)
	at javafx.concurrent.Task$TaskCallable.call(Task.java:1426)
	at java.base/java.util.concurrent.FutureTask.run$$$capture(FutureTask.java:264)
	at java.base/java.util.concurrent.FutureTask.run(FutureTask.java)
	at java.base/java.util.concurrent.Executors$RunnableAdapter.call(Executors.java:539)
	at java.base/java.util.concurrent.FutureTask.run$$$capture(FutureTask.java:264)
	at java.base/java.util.concurrent.FutureTask.run(FutureTask.java)
	at java.base/java.util.concurrent.ThreadPoolExecutor.runWorker(ThreadPoolExecutor.java:1136)
	at java.base/java.util.concurrent.ThreadPoolExecutor$Worker.run(ThreadPoolExecutor.java:635)
	... 1 more

15:31:55.990 [JavaFX Application Thread] FATAL FXGLApplication      - Application will now exit
15:31:56.008 [JavaFX Application Thread] DEBUG PrimaryStageWindow   - Push state: ErrorSubScene
15:31:56.008 [JavaFX Application Thread] DEBUG Input                - Clearing active input actions
15:31:56.015 [JavaFX Application Thread] DEBUG GameApplicationServi - Removing overlay from FXGLLoadingScene and adding to ErrorSubScene
15:31:56.015 [JavaFX Application Thread] DEBUG PrimaryStageWindow   - FXGLLoadingScene -> ErrorSubScene
15:31:58.687 [FXGL Background Thread 3 ] DEBUG Engine               - Logging environment variables
15:31:58.689 [FXGL Background Thread 3 ] DEBUG Engine               - achievements: []
15:31:58.689 [FXGL Background Thread 3 ] DEBUG Engine               - actualHeight: 500.0
15:31:58.690 [FXGL Background Thread 3 ] DEBUG Engine               - actualHeightProperty: ReadOnlyDoubleProperty [value: 500.0]
15:31:58.690 [FXGL Background Thread 3 ] DEBUG Engine               - actualWidth: 500.0
15:31:58.690 [FXGL Background Thread 3 ] DEBUG Engine               - actualWidthProperty: ReadOnlyDoubleProperty [value: 500.0]
15:31:58.690 [FXGL Background Thread 3 ] DEBUG Engine               - appIcon: fxgl_icon.png
15:31:58.690 [FXGL Background Thread 3 ] DEBUG Engine               - applicationMode: DEVELOPER
15:31:58.690 [FXGL Background Thread 3 ] DEBUG Engine               - cSSList: [fxgl_dark.css]
15:31:58.690 [FXGL Background Thread 3 ] DEBUG Engine               - collisionDetectionStrategy: BRUTE_FORCE
15:31:58.690 [FXGL Background Thread 3 ] DEBUG Engine               - configClass: Optional.empty
15:31:58.690 [FXGL Background Thread 3 ] DEBUG Engine               - credits: []
15:31:58.691 [FXGL Background Thread 3 ] DEBUG Engine               - defaultCursor: CursorInfo(imageName=fxgl_default_cursor.png, hotspotX=7.0, hotspotY=6.0)
15:31:58.691 [FXGL Background Thread 3 ] DEBUG Engine               - devBBoxColorProperty: ObjectProperty [value: 0xff0000ff]
15:31:58.691 [FXGL Background Thread 3 ] DEBUG Engine               - devEnableDebugCameraProperty: BooleanProperty [value: false]
15:31:58.691 [FXGL Background Thread 3 ] DEBUG Engine               - devSensorColorProperty: ObjectProperty [value: 0xffff00ff]
15:31:58.691 [FXGL Background Thread 3 ] DEBUG Engine               - devShowBBoxProperty: BooleanProperty [value: false]
15:31:58.692 [FXGL Background Thread 3 ] DEBUG Engine               - devShowPositionProperty: BooleanProperty [value: false]
15:31:58.692 [FXGL Background Thread 3 ] DEBUG Engine               - enabledMenuItems: []
15:31:58.692 [FXGL Background Thread 3 ] DEBUG Engine               - engineServices: [class com.almasb.fxgl.app.services.FXGLAssetLoaderService, class com.almasb.fxgl.app.FXGLApplication$GameApplicationService, class com.almasb.fxgl.app.services.FXGLDialogService, class com.almasb.fxgl.app.services.IOTaskExecutorService, class com.almasb.fxgl.io.FileSystemService, class com.almasb.fxgl.localization.LocalizationService, class com.almasb.fxgl.app.services.SystemBundleService, class com.almasb.fxgl.profile.SaveLoadService, class com.almasb.fxgl.ui.FXGLUIFactoryServiceProvider, class com.almasb.fxgl.ui.FXGLDialogFactoryServiceProvider, class com.almasb.fxgl.audio.AudioPlayer, class com.almasb.fxgl.notification.impl.NotificationServiceProvider, class com.almasb.fxgl.achievement.AchievementService, class com.almasb.fxgl.cutscene.CutsceneService, class com.almasb.fxgl.minigames.MiniGameService, class com.almasb.fxgl.net.NetService, class com.almasb.fxgl.app.services.UpdaterService, class com.almasb.fxgl.dev.DevService]
15:31:58.692 [FXGL Background Thread 3 ] DEBUG Engine               - fontGame: Abel-Regular.ttf
15:31:58.692 [FXGL Background Thread 3 ] DEBUG Engine               - fontMono: TerminalLandMono-Regular.otf
15:31:58.692 [FXGL Background Thread 3 ] DEBUG Engine               - fontSizeScaleUI: 1.0
15:31:58.692 [FXGL Background Thread 3 ] DEBUG Engine               - fontText: Courier-Prime.ttf
15:31:58.693 [FXGL Background Thread 3 ] DEBUG Engine               - fontUI: VarelaRound-Regular.ttf
15:31:58.693 [FXGL Background Thread 3 ] DEBUG Engine               - fullScreen: BooleanProperty [value: false]
15:31:58.694 [FXGL Background Thread 3 ] DEBUG Engine               - gameDifficulty: MEDIUM
15:31:58.694 [FXGL Background Thread 3 ] DEBUG Engine               - gameDifficultyProperty: ObjectProperty [value: MEDIUM]
15:31:58.694 [FXGL Background Thread 3 ] DEBUG Engine               - globalMusicVolume: 0.5
15:31:58.694 [FXGL Background Thread 3 ] DEBUG Engine               - globalMusicVolumeProperty: DoubleProperty [value: 0.5]
15:31:58.694 [FXGL Background Thread 3 ] DEBUG Engine               - globalSoundVolume: 0.5
15:31:58.694 [FXGL Background Thread 3 ] DEBUG Engine               - globalSoundVolumeProperty: DoubleProperty [value: 0.5]
15:31:58.695 [FXGL Background Thread 3 ] DEBUG Engine               - height: 500
15:31:58.695 [FXGL Background Thread 3 ] DEBUG Engine               - is3D: false
15:31:58.695 [FXGL Background Thread 3 ] DEBUG Engine               - isAndroid: false
15:31:58.695 [FXGL Background Thread 3 ] DEBUG Engine               - isBrowser: false
15:31:58.695 [FXGL Background Thread 3 ] DEBUG Engine               - isClickFeedbackEnabled: false
15:31:58.695 [FXGL Background Thread 3 ] DEBUG Engine               - isCloseConfirmation: false
15:31:58.695 [FXGL Background Thread 3 ] DEBUG Engine               - isDesktop: true
15:31:58.695 [FXGL Background Thread 3 ] DEBUG Engine               - isDeveloperMenuEnabled: false
15:31:58.695 [FXGL Background Thread 3 ] DEBUG Engine               - isEmbedded: false
15:31:58.695 [FXGL Background Thread 3 ] DEBUG Engine               - isEntityPreloadEnabled: true
15:31:58.696 [FXGL Background Thread 3 ] DEBUG Engine               - isExperimentalTiledLargeMap: false
15:31:58.696 [FXGL Background Thread 3 ] DEBUG Engine               - isFileSystemWriteAllowed: true
15:31:58.696 [FXGL Background Thread 3 ] DEBUG Engine               - isFullScreenAllowed: false
15:31:58.696 [FXGL Background Thread 3 ] DEBUG Engine               - isFullScreenFromStart: false
15:31:58.696 [FXGL Background Thread 3 ] DEBUG Engine               - isGameMenuEnabled: true
15:31:58.696 [FXGL Background Thread 3 ] DEBUG Engine               - isIOS: false
15:31:58.696 [FXGL Background Thread 3 ] DEBUG Engine               - isIntroEnabled: false
15:31:58.696 [FXGL Background Thread 3 ] DEBUG Engine               - isLinux: false
15:31:58.696 [FXGL Background Thread 3 ] DEBUG Engine               - isMac: false
15:31:58.696 [FXGL Background Thread 3 ] DEBUG Engine               - isMainMenuEnabled: false
15:31:58.696 [FXGL Background Thread 3 ] DEBUG Engine               - isManualResizeEnabled: false
15:31:58.696 [FXGL Background Thread 3 ] DEBUG Engine               - isMobile: false
15:31:58.696 [FXGL Background Thread 3 ] DEBUG Engine               - isNative: false
15:31:58.696 [FXGL Background Thread 3 ] DEBUG Engine               - isPauseMusicWhenMinimized: true
15:31:58.696 [FXGL Background Thread 3 ] DEBUG Engine               - isPreserveResizeRatio: false
15:31:58.696 [FXGL Background Thread 3 ] DEBUG Engine               - isProfilingEnabled: false
15:31:58.696 [FXGL Background Thread 3 ] DEBUG Engine               - isScaleAffectedOnResize: true
15:31:58.696 [FXGL Background Thread 3 ] DEBUG Engine               - isSingleStep: false
15:31:58.696 [FXGL Background Thread 3 ] DEBUG Engine               - isUserProfileEnabled: false
15:31:58.696 [FXGL Background Thread 3 ] DEBUG Engine               - isWindows: true
15:31:58.696 [FXGL Background Thread 3 ] DEBUG Engine               - language: ObjectProperty [value: ENGLISH]
15:31:58.697 [FXGL Background Thread 3 ] DEBUG Engine               - menuKey: ESCAPE
15:31:58.697 [FXGL Background Thread 3 ] DEBUG Engine               - mouseSensitivity: 0.2
15:31:58.697 [FXGL Background Thread 3 ] DEBUG Engine               - notificationViewClass: class com.almasb.fxgl.notification.view.XboxNotificationView
15:31:58.697 [FXGL Background Thread 3 ] DEBUG Engine               - pixelsPerMeter: 50.0
15:31:58.697 [FXGL Background Thread 3 ] DEBUG Engine               - platform: WINDOWS
15:31:58.697 [FXGL Background Thread 3 ] DEBUG Engine               - prefHeightProperty: ReadOnlyDoubleProperty [value: 500.0]
15:31:58.697 [FXGL Background Thread 3 ] DEBUG Engine               - prefWidthProperty: ReadOnlyDoubleProperty [value: 500.0]
15:31:58.697 [FXGL Background Thread 3 ] DEBUG Engine               - profileDir: profiles/
15:31:58.697 [FXGL Background Thread 3 ] DEBUG Engine               - profileName: StringProperty [value: DEFAULT]
15:31:58.697 [FXGL Background Thread 3 ] DEBUG Engine               - randomSeed: -1
15:31:58.698 [FXGL Background Thread 3 ] DEBUG Engine               - runtimeInfo: RuntimeInfo(platform=WINDOWS, version=17.3, build=30.03.2023 11.49)
15:31:58.698 [FXGL Background Thread 3 ] DEBUG Engine               - saveFileExt: sav
15:31:58.698 [FXGL Background Thread 3 ] DEBUG Engine               - scaledHeightProp$fxgl: DoubleProperty [bound, value: 500.0]
15:31:58.698 [FXGL Background Thread 3 ] DEBUG Engine               - scaledWidthProp$fxgl: DoubleProperty [bound, value: 500.0]
15:31:58.698 [FXGL Background Thread 3 ] DEBUG Engine               - sceneFactory: com.almasb.fxgl.app.scene.SceneFactory@362acd42
15:31:58.698 [FXGL Background Thread 3 ] DEBUG Engine               - secondsIn24h: 60
15:31:58.698 [FXGL Background Thread 3 ] DEBUG Engine               - soundMenuBack: menu/back.wav
15:31:58.698 [FXGL Background Thread 3 ] DEBUG Engine               - soundMenuPress: menu/press.wav
15:31:58.698 [FXGL Background Thread 3 ] DEBUG Engine               - soundMenuSelect: menu/select.wav
15:31:58.698 [FXGL Background Thread 3 ] DEBUG Engine               - soundNotification: core/notification.wav
15:31:58.698 [FXGL Background Thread 3 ] DEBUG Engine               - stageStyle: DECORATED
15:31:58.698 [FXGL Background Thread 3 ] DEBUG Engine               - supportedLanguages: [ENGLISH, FRENCH, GERMAN, HUNGARIAN, RUSSIAN]
15:31:58.698 [FXGL Background Thread 3 ] DEBUG Engine               - ticksPerSecond: -1
15:31:58.698 [FXGL Background Thread 3 ] DEBUG Engine               - title: 拼图画板——jigsaw puzzle
15:31:58.699 [FXGL Background Thread 3 ] DEBUG Engine               - urlGithub: https://github.com/AlmasB/FXGL
15:31:58.699 [FXGL Background Thread 3 ] DEBUG Engine               - urlLeaderboard: http://fxgl-top.herokuapp.com/
15:31:58.699 [FXGL Background Thread 3 ] DEBUG Engine               - urlPOM: https://raw.githubusercontent.com/AlmasB/FXGL/release/README.md
15:31:58.699 [FXGL Background Thread 3 ] DEBUG Engine               - userAppClass: class org.i7606.jigsaw_puzzle.window.play.PlayWindow
15:31:58.699 [FXGL Background Thread 3 ] DEBUG Engine               - version: 0.1.0
15:31:58.699 [FXGL Background Thread 3 ] DEBUG Engine               - versionCheckDays: 7
15:31:58.699 [FXGL Background Thread 3 ] DEBUG Engine               - width: 500
15:31:58.699 [FXGL Background Thread 3 ] DEBUG Engine               - Logging services
15:31:58.699 [FXGL Background Thread 3 ] DEBUG Engine               - class com.almasb.fxgl.app.services.FXGLAssetLoaderService
15:31:58.699 [FXGL Background Thread 3 ] DEBUG Engine               - class com.almasb.fxgl.app.FXGLApplication$GameApplicationService
15:31:58.699 [FXGL Background Thread 3 ] DEBUG Engine               - class com.almasb.fxgl.app.services.FXGLDialogService
15:31:58.699 [FXGL Background Thread 3 ] DEBUG Engine               - class com.almasb.fxgl.app.services.IOTaskExecutorService
15:31:58.699 [FXGL Background Thread 3 ] DEBUG Engine               - class com.almasb.fxgl.io.FileSystemService
15:31:58.699 [FXGL Background Thread 3 ] DEBUG Engine               - class com.almasb.fxgl.localization.LocalizationService
15:31:58.699 [FXGL Background Thread 3 ] DEBUG Engine               - class com.almasb.fxgl.app.services.SystemBundleService
15:31:58.699 [FXGL Background Thread 3 ] DEBUG Engine               - class com.almasb.fxgl.profile.SaveLoadService
15:31:58.699 [FXGL Background Thread 3 ] DEBUG Engine               - class com.almasb.fxgl.ui.FXGLUIFactoryServiceProvider
15:31:58.699 [FXGL Background Thread 3 ] DEBUG Engine               - class com.almasb.fxgl.ui.FXGLDialogFactoryServiceProvider
15:31:58.700 [FXGL Background Thread 3 ] DEBUG Engine               - class com.almasb.fxgl.audio.AudioPlayer
15:31:58.700 [FXGL Background Thread 3 ] DEBUG Engine               - class com.almasb.fxgl.notification.impl.NotificationServiceProvider
15:31:58.700 [FXGL Background Thread 3 ] DEBUG Engine               - class com.almasb.fxgl.achievement.AchievementService
15:31:58.700 [FXGL Background Thread 3 ] DEBUG Engine               - class com.almasb.fxgl.cutscene.CutsceneService
15:31:58.700 [FXGL Background Thread 3 ] DEBUG Engine               - class com.almasb.fxgl.minigames.MiniGameService
15:31:58.700 [FXGL Background Thread 3 ] DEBUG Engine               - class com.almasb.fxgl.net.NetService
15:31:58.700 [FXGL Background Thread 3 ] DEBUG Engine               - class com.almasb.fxgl.app.services.UpdaterService
15:31:58.700 [FXGL Background Thread 3 ] DEBUG Engine               - class com.almasb.fxgl.dev.DevService
15:32:09.237 [JavaFX Application Thread] DEBUG FXGLApplication      - Exiting FXGL
15:32:09.237 [JavaFX Application Thread] DEBUG Async                - Shutting down background threads
15:32:09.237 [JavaFX Application Thread] DEBUG PrimaryStageWindow   - Closing main window
15:32:09.260 [JavaFX Application Thread] DEBUG Logger               - Closing Logger
