15:55:40.497 [main                     ] DEBUG Logger               - Configured Logger
15:55:40.518 [main                     ] DEBUG GameApplication      - Logging settings
Title: 拼图画板——jigsaw puzzle
Version: 0.1.0
Width: 500
Height: 500
Fullscreen: false
Intro: false
Profiling: false
Single step:false
App Mode: DEVELOPER
Menu Key: ESCAPE
Stage Style: DECORATED
Scene Factory: class com.almasb.fxgl.app.scene.SceneFactory

15:55:40.802 [JavaFX Application Thread] DEBUG FXGLApplication      - Initializing FXGL
15:55:40.806 [JavaFX Application Thread] INFO  Engine               - FXGL-17.3 (30.03.2023 11.49) on WINDOWS (J:17.0.4 FX:20)
15:55:40.807 [JavaFX Application Thread] DEBUG Engine               - JRE Vendor Name: Oracle Corporation
15:55:40.807 [JavaFX Application Thread] DEBUG Engine               - Running on OS: Windows 11 version 10.0
15:55:40.807 [JavaFX Application Thread] DEBUG Engine               - Architecture: amd64
15:55:40.807 [JavaFX Application Thread] INFO  Engine               - Source code and latest versions at: https://github.com/AlmasB/FXGL
15:55:40.807 [JavaFX Application Thread] INFO  Engine               -       Ask questions and discuss at: https://github.com/AlmasB/FXGL/discussions
15:55:40.807 [JavaFX Application Thread] INFO  Engine               -              Join the FXGL chat at: https://gitter.im/AlmasB/FXGL
15:55:40.888 [JavaFX Application Thread] DEBUG PrimaryStageWindow   - Creating a JavaFX scene
15:55:40.925 [JavaFX Application Thread] DEBUG PrimaryStageWindow   - Target settings size: 500.0 x 500.0
15:55:40.925 [JavaFX Application Thread] DEBUG PrimaryStageWindow   - Scaled scene size:    500.0 x 500.0
15:55:40.926 [JavaFX Application Thread] DEBUG PrimaryStageWindow   - Scaled ratio: (1.0, 1.0)
15:55:40.926 [JavaFX Application Thread] DEBUG PrimaryStageWindow   - Set initial scene to FXGLStartupScene
15:55:40.929 [JavaFX Application Thread] DEBUG PrimaryStageWindow   - Opening main window
15:55:41.119 [JavaFX Application Thread] DEBUG PrimaryStageWindow   - Window border size: (14.66668701171875, 37.33331298828125)
15:55:41.119 [JavaFX Application Thread] DEBUG PrimaryStageWindow   - Scaled size: 500.0 x 500.0
15:55:41.120 [JavaFX Application Thread] DEBUG PrimaryStageWindow   - Scaled ratio: (1.0, 1.0)
15:55:41.120 [JavaFX Application Thread] DEBUG PrimaryStageWindow   - Scene size: 500.0 x 500.0
15:55:41.120 [JavaFX Application Thread] DEBUG PrimaryStageWindow   - Stage size: 514.6666870117188 x 537.3333129882812
15:55:41.126 [FXGL Background Thread 1 ] DEBUG Engine               - Initializing environment variables
15:55:41.154 [FXGL Background Thread 1 ] DEBUG FXGLAssetLoaderServi - User app class for loading assets: class org.i7606.jigsaw_puzzle.window.play.PlayWindow
15:55:41.155 [FXGL Background Thread 1 ] DEBUG GameApplicationServi - Applying CSS: fxgl_dark.css
15:55:41.157 [FXGL Background Thread 1 ] DEBUG FXGLAssetLoaderServi - Loading from file system: jar:file:/D:/data/MAVEN/repo/com/github/almasb/fxgl/17.3/fxgl-17.3.jar!/fxglassets/ui/css/fxgl_dark.css
15:55:41.188 [FXGL Background Thread 1 ] DEBUG GameApplicationServi - Initializing application scenes
15:55:41.233 [FXGL Background Thread 1 ] DEBUG GameWorld            - Game world initialized
15:55:41.273 [FXGL Background Thread 1 ] DEBUG PhysicsWorld         - Physics world initialized: appHeight=500, physics.ppm=50.0
15:55:41.273 [FXGL Background Thread 1 ] DEBUG PhysicsWorld         - Using strategy: BRUTE_FORCE
15:55:41.277 [FXGL Background Thread 1 ] DEBUG GameScene            - Game scene initialized: 500x500
15:55:41.287 [FXGL Background Thread 1 ] WARN  FXGL.DefaultMenu     - FXGLDefaultMenu is not designed for resolutions < 800x600
15:55:41.287 [FXGL Background Thread 1 ] DEBUG FXGL.DefaultMenu     - createMenuBodyGameMenu()
15:55:41.299 [FXGL Background Thread 1 ] DEBUG FXGL.DefaultMenu     - createOptionsMenu()
15:55:41.310 [FXGL Background Thread 1 ] DEBUG FXGLAssetLoaderServi - Loading from file system: jar:file:/D:/data/MAVEN/repo/com/github/almasb/fxgl/17.3/fxgl-17.3.jar!/fxglassets/textures/particles/smoke.png
15:55:41.403 [FXGL Background Thread 1 ] DEBUG FXGLAssetLoaderServi - Loading from file system: jar:file:/D:/data/MAVEN/repo/com/github/almasb/fxgl/17.3/fxgl-17.3.jar!/fxglassets/textures/particles/trace_horizontal.png
15:55:41.437 [FXGL Background Thread 1 ] DEBUG GameApplicationServi - Application scenes initialized
15:55:41.449 [FXGL Background Thread 1 ] DEBUG SystemBundleService  - Loading FXGL system data
15:55:41.453 [FXGL Background Thread 1 ] DEBUG FileSystemAccess     - Reading from: E:\data\GITEE\jigsaw_puzzle\jigsaw_puzzle\system\fxgl.bundle
15:55:41.459 [FXGL Background Thread 1 ] DEBUG SystemBundleService  - Bundle FXGL: {}
15:55:41.459 [FXGL Background Thread 1 ] DEBUG UpdaterService       - Checking for updates
15:55:41.462 [FXGL Background Thread 4 ] DEBUG FXGLApplication      - Loading fonts
15:55:41.462 [FXGL Background Thread 4 ] DEBUG FXGLAssetLoaderServi - Loading from file system: jar:file:/D:/data/MAVEN/repo/com/github/almasb/fxgl/17.3/fxgl-17.3.jar!/fxglassets/ui/fonts/VarelaRound-Regular.ttf
15:55:41.463 [FXGL Background Thread 1 ] DEBUG FXGLApplication      - Loading default localization
15:55:41.463 [FXGL Background Thread 1 ] DEBUG FXGLAssetLoaderServi - Loading from file system: jar:file:/D:/data/MAVEN/repo/com/github/almasb/fxgl/17.3/fxgl-17.3.jar!/fxglassets/languages/english.lang
15:55:41.486 [FXGL Background Thread 1 ] INFO  FXGLApplication      - FXGL initialization took: 0.361 sec
15:55:41.487 [JavaFX Application Thread] DEBUG FXGLAssetLoaderServi - Loading from file system: jar:file:/D:/data/MAVEN/repo/com/github/almasb/fxgl/17.3/fxgl-17.3.jar!/fxglassets/textures/fxgl_icon.png
15:55:41.503 [JavaFX Application Thread] DEBUG FXGLAssetLoaderServi - Loading from file system: jar:file:/D:/data/MAVEN/repo/com/github/almasb/fxgl/17.3/fxgl-17.3.jar!/fxglassets/textures/fxgl_default_cursor.png
15:55:41.517 [JavaFX Application Thread] DEBUG Input                - Registered new binding: Screenshot - CTRL+8
15:55:41.519 [JavaFX Application Thread] DEBUG Input                - Registered new binding: System info dump - CTRL+9
15:55:41.520 [JavaFX Application Thread] DEBUG Input                - Registered new binding: Restart - CTRL+R
15:55:41.523 [JavaFX Application Thread] DEBUG Input                - Registered new binding: Toggle Debug Camera - CTRL+7
15:55:41.531 [FXGL Background Thread 4 ] DEBUG FXGLAssetLoaderServi - Loading from file system: jar:file:/D:/data/MAVEN/repo/com/github/almasb/fxgl/17.3/fxgl-17.3.jar!/fxglassets/ui/fonts/Abel-Regular.ttf
15:55:41.532 [JavaFX Application Thread] DEBUG LoopRunner           - Starting loop
15:55:41.532 [JavaFX Application Thread] DEBUG LoopRunner           - Initializing JavaFX AnimationTimerLoop
15:55:41.533 [FXGL Background Thread 4 ] DEBUG FXGLAssetLoaderServi - Loading from file system: jar:file:/D:/data/MAVEN/repo/com/github/almasb/fxgl/17.3/fxgl-17.3.jar!/fxglassets/ui/fonts/TerminalLandMono-Regular.otf
15:55:41.534 [JavaFX Application Thread] DEBUG GameApplicationServi - Starting new game
15:55:41.535 [JavaFX Application Thread] DEBUG Input                - Clearing active input actions
15:55:41.535 [FXGL Background Thread 4 ] DEBUG FXGLAssetLoaderServi - Loading from file system: jar:file:/D:/data/MAVEN/repo/com/github/almasb/fxgl/17.3/fxgl-17.3.jar!/fxglassets/ui/fonts/Courier-Prime.ttf
15:55:41.545 [JavaFX Application Thread] DEBUG GameApplicationServi - Removing overlay from FXGLStartupScene and adding to FXGLLoadingScene
15:55:41.545 [JavaFX Application Thread] DEBUG PrimaryStageWindow   - FXGLStartupScene -> FXGLLoadingScene
15:55:41.545 [JavaFX Application Thread] DEBUG GameApplicationServi - Clearing previous game
15:55:41.545 [JavaFX Application Thread] DEBUG GameScene            - Clearing game scene
15:55:41.545 [JavaFX Application Thread] DEBUG GameWorld            - Clearing game world
15:55:41.545 [JavaFX Application Thread] DEBUG PhysicsWorld         - Clearing physics world
15:55:41.547 [JavaFX Application Thread] DEBUG FXGLApplication      - Registering font factories with UI factory
15:55:41.547 [FXGL Background Thread 4 ] DEBUG FXGLApplication      - Initializing game
15:55:41.681 [FXGL Background Thread 2 ] WARN  UpdaterService       - Failed to find updates: java.net.UnknownHostException: raw.githubusercontent.com
15:55:41.757 [FXGL Background Thread 4 ] DEBUG FXGLAssetLoaderServi - Loading from file system: file:/E:/data/GITEE/jigsaw_puzzle/jigsaw_puzzle/target/classes/assets/textures/level-001/split/g1.gif
15:55:41.780 [FXGL Background Thread 4 ] DEBUG FXGLAssetLoaderServi - Loading from file system: file:/E:/data/GITEE/jigsaw_puzzle/jigsaw_puzzle/target/classes/assets/textures/level-001/split/g2.gif
15:55:41.789 [FXGL Background Thread 4 ] DEBUG FXGLAssetLoaderServi - Loading from file system: file:/E:/data/GITEE/jigsaw_puzzle/jigsaw_puzzle/target/classes/assets/textures/level-001/split/g3.gif
15:55:41.797 [FXGL Background Thread 4 ] DEBUG FXGLAssetLoaderServi - Loading from file system: file:/E:/data/GITEE/jigsaw_puzzle/jigsaw_puzzle/target/classes/assets/textures/level-001/split/g4.gif
15:55:41.804 [FXGL Background Thread 4 ] DEBUG FXGLAssetLoaderServi - Loading from file system: file:/E:/data/GITEE/jigsaw_puzzle/jigsaw_puzzle/target/classes/assets/textures/level-001/split/g5.gif
15:55:41.811 [FXGL Background Thread 4 ] DEBUG FXGLAssetLoaderServi - Loading from file system: file:/E:/data/GITEE/jigsaw_puzzle/jigsaw_puzzle/target/classes/assets/textures/level-001/split/g6.gif
15:55:41.818 [FXGL Background Thread 4 ] DEBUG FXGLAssetLoaderServi - Loading from file system: file:/E:/data/GITEE/jigsaw_puzzle/jigsaw_puzzle/target/classes/assets/textures/level-001/split/g7.gif
15:55:41.825 [FXGL Background Thread 4 ] DEBUG FXGLAssetLoaderServi - Loading from file system: file:/E:/data/GITEE/jigsaw_puzzle/jigsaw_puzzle/target/classes/assets/textures/level-001/split/g8.gif
15:55:41.832 [FXGL Background Thread 4 ] DEBUG FXGLAssetLoaderServi - Loading from file system: file:/E:/data/GITEE/jigsaw_puzzle/jigsaw_puzzle/target/classes/assets/textures/level-001/split/g9.gif
15:55:41.862 [FXGL Background Thread 4 ] INFO  FXGLApplication      - Game initialization took: 0.314 sec
15:55:41.862 [JavaFX Application Thread] DEBUG Input                - Clearing active input actions
15:55:41.869 [JavaFX Application Thread] DEBUG GameApplicationServi - Removing overlay from FXGLLoadingScene and adding to GameScene
15:55:41.869 [JavaFX Application Thread] DEBUG PrimaryStageWindow   - FXGLLoadingScene -> GameScene
15:55:44.462 [FXGL Background Thread 3 ] DEBUG Engine               - Logging environment variables
15:55:44.464 [FXGL Background Thread 3 ] DEBUG Engine               - achievements: []
15:55:44.464 [FXGL Background Thread 3 ] DEBUG Engine               - actualHeight: 500.0
15:55:44.464 [FXGL Background Thread 3 ] DEBUG Engine               - actualHeightProperty: ReadOnlyDoubleProperty [value: 500.0]
15:55:44.465 [FXGL Background Thread 3 ] DEBUG Engine               - actualWidth: 500.0
15:55:44.465 [FXGL Background Thread 3 ] DEBUG Engine               - actualWidthProperty: ReadOnlyDoubleProperty [value: 500.0]
15:55:44.466 [FXGL Background Thread 3 ] DEBUG Engine               - appIcon: fxgl_icon.png
15:55:44.466 [FXGL Background Thread 3 ] DEBUG Engine               - applicationMode: DEVELOPER
15:55:44.466 [FXGL Background Thread 3 ] DEBUG Engine               - cSSList: [fxgl_dark.css]
15:55:44.466 [FXGL Background Thread 3 ] DEBUG Engine               - collisionDetectionStrategy: BRUTE_FORCE
15:55:44.466 [FXGL Background Thread 3 ] DEBUG Engine               - configClass: Optional.empty
15:55:44.466 [FXGL Background Thread 3 ] DEBUG Engine               - credits: []
15:55:44.466 [FXGL Background Thread 3 ] DEBUG Engine               - defaultCursor: CursorInfo(imageName=fxgl_default_cursor.png, hotspotX=7.0, hotspotY=6.0)
15:55:44.467 [FXGL Background Thread 3 ] DEBUG Engine               - devBBoxColorProperty: ObjectProperty [value: 0xff0000ff]
15:55:44.467 [FXGL Background Thread 3 ] DEBUG Engine               - devEnableDebugCameraProperty: BooleanProperty [value: false]
15:55:44.467 [FXGL Background Thread 3 ] DEBUG Engine               - devSensorColorProperty: ObjectProperty [value: 0xffff00ff]
15:55:44.467 [FXGL Background Thread 3 ] DEBUG Engine               - devShowBBoxProperty: BooleanProperty [value: false]
15:55:44.467 [FXGL Background Thread 3 ] DEBUG Engine               - devShowPositionProperty: BooleanProperty [value: false]
15:55:44.468 [FXGL Background Thread 3 ] DEBUG Engine               - enabledMenuItems: []
15:55:44.468 [FXGL Background Thread 3 ] DEBUG Engine               - engineServices: [class com.almasb.fxgl.app.services.FXGLAssetLoaderService, class com.almasb.fxgl.app.FXGLApplication$GameApplicationService, class com.almasb.fxgl.app.services.FXGLDialogService, class com.almasb.fxgl.app.services.IOTaskExecutorService, class com.almasb.fxgl.io.FileSystemService, class com.almasb.fxgl.localization.LocalizationService, class com.almasb.fxgl.app.services.SystemBundleService, class com.almasb.fxgl.profile.SaveLoadService, class com.almasb.fxgl.ui.FXGLUIFactoryServiceProvider, class com.almasb.fxgl.ui.FXGLDialogFactoryServiceProvider, class com.almasb.fxgl.audio.AudioPlayer, class com.almasb.fxgl.notification.impl.NotificationServiceProvider, class com.almasb.fxgl.achievement.AchievementService, class com.almasb.fxgl.cutscene.CutsceneService, class com.almasb.fxgl.minigames.MiniGameService, class com.almasb.fxgl.net.NetService, class com.almasb.fxgl.app.services.UpdaterService, class com.almasb.fxgl.dev.DevService]
15:55:44.468 [FXGL Background Thread 3 ] DEBUG Engine               - fontGame: Abel-Regular.ttf
15:55:44.468 [FXGL Background Thread 3 ] DEBUG Engine               - fontMono: TerminalLandMono-Regular.otf
15:55:44.468 [FXGL Background Thread 3 ] DEBUG Engine               - fontSizeScaleUI: 1.0
15:55:44.468 [FXGL Background Thread 3 ] DEBUG Engine               - fontText: Courier-Prime.ttf
15:55:44.468 [FXGL Background Thread 3 ] DEBUG Engine               - fontUI: VarelaRound-Regular.ttf
15:55:44.469 [FXGL Background Thread 3 ] DEBUG Engine               - fullScreen: BooleanProperty [value: false]
15:55:44.469 [FXGL Background Thread 3 ] DEBUG Engine               - gameDifficulty: MEDIUM
15:55:44.469 [FXGL Background Thread 3 ] DEBUG Engine               - gameDifficultyProperty: ObjectProperty [value: MEDIUM]
15:55:44.469 [FXGL Background Thread 3 ] DEBUG Engine               - globalMusicVolume: 0.5
15:55:44.469 [FXGL Background Thread 3 ] DEBUG Engine               - globalMusicVolumeProperty: DoubleProperty [value: 0.5]
15:55:44.469 [FXGL Background Thread 3 ] DEBUG Engine               - globalSoundVolume: 0.5
15:55:44.469 [FXGL Background Thread 3 ] DEBUG Engine               - globalSoundVolumeProperty: DoubleProperty [value: 0.5]
15:55:44.469 [FXGL Background Thread 3 ] DEBUG Engine               - height: 500
15:55:44.469 [FXGL Background Thread 3 ] DEBUG Engine               - is3D: false
15:55:44.469 [FXGL Background Thread 3 ] DEBUG Engine               - isAndroid: false
15:55:44.469 [FXGL Background Thread 3 ] DEBUG Engine               - isBrowser: false
15:55:44.469 [FXGL Background Thread 3 ] DEBUG Engine               - isClickFeedbackEnabled: false
15:55:44.469 [FXGL Background Thread 3 ] DEBUG Engine               - isCloseConfirmation: false
15:55:44.470 [FXGL Background Thread 3 ] DEBUG Engine               - isDesktop: true
15:55:44.470 [FXGL Background Thread 3 ] DEBUG Engine               - isDeveloperMenuEnabled: false
15:55:44.470 [FXGL Background Thread 3 ] DEBUG Engine               - isEmbedded: false
15:55:44.471 [FXGL Background Thread 3 ] DEBUG Engine               - isEntityPreloadEnabled: true
15:55:44.471 [FXGL Background Thread 3 ] DEBUG Engine               - isExperimentalTiledLargeMap: false
15:55:44.471 [FXGL Background Thread 3 ] DEBUG Engine               - isFileSystemWriteAllowed: true
15:55:44.471 [FXGL Background Thread 3 ] DEBUG Engine               - isFullScreenAllowed: false
15:55:44.472 [FXGL Background Thread 3 ] DEBUG Engine               - isFullScreenFromStart: false
15:55:44.472 [FXGL Background Thread 3 ] DEBUG Engine               - isGameMenuEnabled: true
15:55:44.472 [FXGL Background Thread 3 ] DEBUG Engine               - isIOS: false
15:55:44.473 [FXGL Background Thread 3 ] DEBUG Engine               - isIntroEnabled: false
15:55:44.473 [FXGL Background Thread 3 ] DEBUG Engine               - isLinux: false
15:55:44.473 [FXGL Background Thread 3 ] DEBUG Engine               - isMac: false
15:55:44.473 [FXGL Background Thread 3 ] DEBUG Engine               - isMainMenuEnabled: false
15:55:44.473 [FXGL Background Thread 3 ] DEBUG Engine               - isManualResizeEnabled: false
15:55:44.473 [FXGL Background Thread 3 ] DEBUG Engine               - isMobile: false
15:55:44.473 [FXGL Background Thread 3 ] DEBUG Engine               - isNative: false
15:55:44.473 [FXGL Background Thread 3 ] DEBUG Engine               - isPauseMusicWhenMinimized: true
15:55:44.473 [FXGL Background Thread 3 ] DEBUG Engine               - isPreserveResizeRatio: false
15:55:44.473 [FXGL Background Thread 3 ] DEBUG Engine               - isProfilingEnabled: false
15:55:44.473 [FXGL Background Thread 3 ] DEBUG Engine               - isScaleAffectedOnResize: true
15:55:44.473 [FXGL Background Thread 3 ] DEBUG Engine               - isSingleStep: false
15:55:44.473 [FXGL Background Thread 3 ] DEBUG Engine               - isUserProfileEnabled: false
15:55:44.473 [FXGL Background Thread 3 ] DEBUG Engine               - isWindows: true
15:55:44.473 [FXGL Background Thread 3 ] DEBUG Engine               - language: ObjectProperty [value: ENGLISH]
15:55:44.473 [FXGL Background Thread 3 ] DEBUG Engine               - menuKey: ESCAPE
15:55:44.473 [FXGL Background Thread 3 ] DEBUG Engine               - mouseSensitivity: 0.2
15:55:44.473 [FXGL Background Thread 3 ] DEBUG Engine               - notificationViewClass: class com.almasb.fxgl.notification.view.XboxNotificationView
15:55:44.473 [FXGL Background Thread 3 ] DEBUG Engine               - pixelsPerMeter: 50.0
15:55:44.473 [FXGL Background Thread 3 ] DEBUG Engine               - platform: WINDOWS
15:55:44.473 [FXGL Background Thread 3 ] DEBUG Engine               - prefHeightProperty: ReadOnlyDoubleProperty [value: 500.0]
15:55:44.473 [FXGL Background Thread 3 ] DEBUG Engine               - prefWidthProperty: ReadOnlyDoubleProperty [value: 500.0]
15:55:44.473 [FXGL Background Thread 3 ] DEBUG Engine               - profileDir: profiles/
15:55:44.473 [FXGL Background Thread 3 ] DEBUG Engine               - profileName: StringProperty [value: DEFAULT]
15:55:44.473 [FXGL Background Thread 3 ] DEBUG Engine               - randomSeed: -1
15:55:44.474 [FXGL Background Thread 3 ] DEBUG Engine               - runtimeInfo: RuntimeInfo(platform=WINDOWS, version=17.3, build=30.03.2023 11.49)
15:55:44.474 [FXGL Background Thread 3 ] DEBUG Engine               - saveFileExt: sav
15:55:44.474 [FXGL Background Thread 3 ] DEBUG Engine               - scaledHeightProp$fxgl: DoubleProperty [bound, value: 500.0]
15:55:44.474 [FXGL Background Thread 3 ] DEBUG Engine               - scaledWidthProp$fxgl: DoubleProperty [bound, value: 500.0]
15:55:44.474 [FXGL Background Thread 3 ] DEBUG Engine               - sceneFactory: com.almasb.fxgl.app.scene.SceneFactory@27ff624d
15:55:44.474 [FXGL Background Thread 3 ] DEBUG Engine               - secondsIn24h: 60
15:55:44.474 [FXGL Background Thread 3 ] DEBUG Engine               - soundMenuBack: menu/back.wav
15:55:44.474 [FXGL Background Thread 3 ] DEBUG Engine               - soundMenuPress: menu/press.wav
15:55:44.474 [FXGL Background Thread 3 ] DEBUG Engine               - soundMenuSelect: menu/select.wav
15:55:44.474 [FXGL Background Thread 3 ] DEBUG Engine               - soundNotification: core/notification.wav
15:55:44.474 [FXGL Background Thread 3 ] DEBUG Engine               - stageStyle: DECORATED
15:55:44.474 [FXGL Background Thread 3 ] DEBUG Engine               - supportedLanguages: [ENGLISH, FRENCH, GERMAN, HUNGARIAN, RUSSIAN]
15:55:44.474 [FXGL Background Thread 3 ] DEBUG Engine               - ticksPerSecond: -1
15:55:44.474 [FXGL Background Thread 3 ] DEBUG Engine               - title: 拼图画板——jigsaw puzzle
15:55:44.474 [FXGL Background Thread 3 ] DEBUG Engine               - urlGithub: https://github.com/AlmasB/FXGL
15:55:44.474 [FXGL Background Thread 3 ] DEBUG Engine               - urlLeaderboard: http://fxgl-top.herokuapp.com/
15:55:44.474 [FXGL Background Thread 3 ] DEBUG Engine               - urlPOM: https://raw.githubusercontent.com/AlmasB/FXGL/release/README.md
15:55:44.474 [FXGL Background Thread 3 ] DEBUG Engine               - userAppClass: class org.i7606.jigsaw_puzzle.window.play.PlayWindow
15:55:44.474 [FXGL Background Thread 3 ] DEBUG Engine               - version: 0.1.0
15:55:44.474 [FXGL Background Thread 3 ] DEBUG Engine               - versionCheckDays: 7
15:55:44.474 [FXGL Background Thread 3 ] DEBUG Engine               - width: 500
15:55:44.474 [FXGL Background Thread 3 ] DEBUG Engine               - Logging services
15:55:44.474 [FXGL Background Thread 3 ] DEBUG Engine               - class com.almasb.fxgl.app.services.FXGLAssetLoaderService
15:55:44.474 [FXGL Background Thread 3 ] DEBUG Engine               - class com.almasb.fxgl.app.FXGLApplication$GameApplicationService
15:55:44.474 [FXGL Background Thread 3 ] DEBUG Engine               - class com.almasb.fxgl.app.services.FXGLDialogService
15:55:44.474 [FXGL Background Thread 3 ] DEBUG Engine               - class com.almasb.fxgl.app.services.IOTaskExecutorService
15:55:44.474 [FXGL Background Thread 3 ] DEBUG Engine               - class com.almasb.fxgl.io.FileSystemService
15:55:44.474 [FXGL Background Thread 3 ] DEBUG Engine               - class com.almasb.fxgl.localization.LocalizationService
15:55:44.474 [FXGL Background Thread 3 ] DEBUG Engine               - class com.almasb.fxgl.app.services.SystemBundleService
15:55:44.474 [FXGL Background Thread 3 ] DEBUG Engine               - class com.almasb.fxgl.profile.SaveLoadService
15:55:44.474 [FXGL Background Thread 3 ] DEBUG Engine               - class com.almasb.fxgl.ui.FXGLUIFactoryServiceProvider
15:55:44.474 [FXGL Background Thread 3 ] DEBUG Engine               - class com.almasb.fxgl.ui.FXGLDialogFactoryServiceProvider
15:55:44.474 [FXGL Background Thread 3 ] DEBUG Engine               - class com.almasb.fxgl.audio.AudioPlayer
15:55:44.474 [FXGL Background Thread 3 ] DEBUG Engine               - class com.almasb.fxgl.notification.impl.NotificationServiceProvider
15:55:44.474 [FXGL Background Thread 3 ] DEBUG Engine               - class com.almasb.fxgl.achievement.AchievementService
15:55:44.474 [FXGL Background Thread 3 ] DEBUG Engine               - class com.almasb.fxgl.cutscene.CutsceneService
15:55:44.474 [FXGL Background Thread 3 ] DEBUG Engine               - class com.almasb.fxgl.minigames.MiniGameService
15:55:44.474 [FXGL Background Thread 3 ] DEBUG Engine               - class com.almasb.fxgl.net.NetService
15:55:44.474 [FXGL Background Thread 3 ] DEBUG Engine               - class com.almasb.fxgl.app.services.UpdaterService
15:55:44.475 [FXGL Background Thread 3 ] DEBUG Engine               - class com.almasb.fxgl.dev.DevService
16:00:21.181 [JavaFX Application Thread] DEBUG LoopRunner           - Pausing loop
16:00:55.822 [JavaFX Application Thread] DEBUG LoopRunner           - Resuming loop
16:00:57.558 [JavaFX Application Thread] DEBUG FXGLApplication      - Exiting FXGL
16:00:57.559 [JavaFX Application Thread] DEBUG LoopRunner           - Stopping loop
16:00:57.559 [JavaFX Application Thread] DEBUG SystemBundleService  - Saving FXGL system data
16:00:57.560 [JavaFX Application Thread] DEBUG FileSystemAccess     - Writing to: E:\data\GITEE\jigsaw_puzzle\jigsaw_puzzle\system\fxgl.bundle
16:00:57.561 [JavaFX Application Thread] DEBUG Async                - Shutting down background threads
16:00:57.561 [JavaFX Application Thread] DEBUG PrimaryStageWindow   - Closing main window
16:00:57.586 [JavaFX Application Thread] DEBUG Logger               - Closing Logger
